<?xml version="1.0" encoding="utf-8"?><testsuites><testsuite name="pytest" errors="0" failures="1" skipped="0" tests="15" time="9.070" timestamp="2024-05-27T12:12:18.393460" hostname="ELONOTPE06VBRL"><testcase classname="test.01_cenario.test_1-1" name="test_1_1_igualdade_1" time="0.007"><failure message="assert 1 == 2">def test_1_1_igualdade_1():
        print('1º passo do teste feito com Sucesso!')
        print('2º passo do teste feito com Sucesso!')
        print('3º passo do teste feito com Sucesso!')
        print('4º passo do teste feito com Sucesso!')
&gt;       assert 1 == 2
E       assert 1 == 2

test\01_cenario\test_1-1.py:6: AssertionError</failure></testcase><testcase classname="test.01_cenario.test_1-1" name="test_1_1_igualdade_2" time="0.004" /><testcase classname="test.01_cenario.test_1-1" name="test_1_1_igualdade_3" time="0.003" /><testcase classname="test.01_cenario.test_1-2" name="test_1_2_igualdade_4" time="0.003" /><testcase classname="test.01_cenario.test_1-2" name="test_1_2_igualdade_5" time="0.002" /><testcase classname="test.01_cenario.test_1-2" name="test_1_2_igualdade_6" time="0.002" /><testcase classname="test.01_cenario.test_1-3" name="test_1_3_igualdade_7" time="0.004" /><testcase classname="test.01_cenario.test_1-3" name="test_1_3_igualdade_6" time="0.002" /><testcase classname="test.02_cenario.test_2-1" name="test_2_1_igualdade_10" time="0.004" /><testcase classname="test.02_cenario.test_2-2" name="test_2_2_igualdade_11" time="0.023" /><testcase classname="test.02_cenario.test_2-3" name="test_2_3_igualdade_12" time="0.003" /><testcase classname="test.03_cenario.test_3-1" name="test_3_1_igualdade_13" time="0.002" /><testcase classname="test.03_cenario.test_3-2" name="test_3_2_igualdade_14" time="0.003" /><testcase classname="test.03_cenario.test_3-3" name="test_3_3_igualdade_15" time="0.003" /><testcase classname="test.04_login_Saucedemo.test_login_Saucedemo" name="test_loginSaucedemo" time="4.401" /></testsuite></testsuites>